<?xml version="1.0" encoding="UTF-8"?>
<!-- Generated by org.testng.reporters.JUnitXMLReporter -->
<testsuite ignored="0" hostname="DESKTOP-QVJEVT1" failures="0" tests="3" name="Default test" time="17.703" errors="0" timestamp="2024-03-26T11:32:01 IST">
  <testcase classname="miniproject.Tests.SubmitOrderTest" name="SubmitOrder" time="3.762"/>
  <testcase classname="miniproject.Tests.SubmitOrderTest" name="SubmitOrder" time="4.64"/>
  <testcase classname="miniproject.Tests.SubmitOrderTest" name="OrderHistoryTest" time="0.888"/>
</testsuite> <!-- Default test -->
