<?xml version="1.0" encoding="UTF-8"?>
<!-- Generated by org.testng.reporters.JUnitXMLReporter -->
<testsuite ignored="0" hostname="DESKTOP-QVJEVT1" failures="0" tests="3" name="Submit Order Test" time="22.699" errors="0" timestamp="2024-08-04T20:38:20 IST">
  <testcase classname="miniproject.Tests.SubmitOrderTest" name="SubmitOrder" time="3.956"/>
  <testcase classname="miniproject.Tests.SubmitOrderTest" name="SubmitOrder" time="5.042"/>
  <testcase classname="miniproject.Tests.SubmitOrderTest" name="OrderHistoryTest" time="1.161"/>
</testsuite> <!-- Submit Order Test -->
