<?xml version="1.0" encoding="UTF-8"?>
<!-- Generated by org.testng.reporters.JUnitXMLReporter -->
<testsuite ignored="0" hostname="DESKTOP-QVJEVT1" failures="0" tests="3" name="Submit Order Test" time="33.434" errors="0" timestamp="2024-03-27T16:47:54 IST">
  <testcase classname="miniproject.Tests.SubmitOrderTest" name="SubmitOrder" time="5.415"/>
  <testcase classname="miniproject.Tests.SubmitOrderTest" name="SubmitOrder" time="5.442"/>
  <testcase classname="miniproject.Tests.SubmitOrderTest" name="OrderHistoryTest" time="0.876"/>
</testsuite> <!-- Submit Order Test -->
